[2021-11-12 11:58:33,724] multiqc                                            [DEBUG  ]  No MultiQC config found: /opt/conda/envs/nf-core-methylseq-1.6.1/lib/python3.8/site-packages/multiqc_config.yaml
[2021-11-12 11:58:33,724] multiqc                                            [DEBUG  ]  No MultiQC config found: /.multiqc_config.yaml
[2021-11-12 11:58:33,732] multiqc                                            [DEBUG  ]  Loading config settings from: multiqc_config.yaml
[2021-11-12 11:58:33,732] multiqc                                            [DEBUG  ]  New config 'report_comment': This report has been generated by the <a href="https://github.com/nf-core/methylseq" target="_blank">nf-core/methylseq</a> analysis pipeline. For information about how to interpret these results, please see the <a href="https://github.com/nf-core/methylseq" target="_blank">documentation</a>.

[2021-11-12 11:58:33,733] multiqc                                            [DEBUG  ]  New config 'report_section_order': {'software_versions': {'order': -1000}, 'nf-core-methylseq-summary': {'order': -1001}}
[2021-11-12 11:58:33,733] multiqc                                            [DEBUG  ]  New config 'export_plots': True
[2021-11-12 11:58:33,733] multiqc                                            [DEBUG  ]  New config 'table_columns_visible': {'QualiMap': {'avg_gc': False, '30_x_pc': False, 'percentage_aligned': False}}
[2021-11-12 11:58:33,733] multiqc                                            [DEBUG  ]  New config 'top_modules': ['bismark']
[2021-11-12 11:58:33,733] multiqc                                            [DEBUG  ]  Command used: /opt/conda/envs/nf-core-methylseq-1.6.1/bin/multiqc -f . -m custom_content -m picard -m qualimap -m bismark -m samtools -m preseq -m cutadapt -m fastqc
[2021-11-12 11:58:33,940] multiqc                                            [WARNING]  MultiQC Version v1.11 now available!
[2021-11-12 11:58:33,940] multiqc                                            [INFO   ]  This is MultiQC v1.10.1
[2021-11-12 11:58:33,940] multiqc                                            [DEBUG  ]  Command     : /opt/conda/envs/nf-core-methylseq-1.6.1/bin/multiqc -f . -m custom_content -m picard -m qualimap -m bismark -m samtools -m preseq -m cutadapt -m fastqc
[2021-11-12 11:58:33,940] multiqc                                            [DEBUG  ]  Working dir : /Users/frederic.risling/Desktop/Bachelorarbeit/nextflow/work/28/fb9fa6e2e1421ff4fa96cd7667fd9c
[2021-11-12 11:58:33,941] multiqc                                            [INFO   ]  Template    : default
[2021-11-12 11:58:33,941] multiqc                                            [DEBUG  ]  Running Python 3.8.8 | packaged by conda-forge | (default, Feb 20 2021, 16:22:27)  [GCC 9.3.0]
[2021-11-12 11:58:33,941] multiqc                                            [INFO   ]  Searching   : /Users/frederic.risling/Desktop/Bachelorarbeit/nextflow/work/28/fb9fa6e2e1421ff4fa96cd7667fd9c
[2021-11-12 11:58:33,941] multiqc                                            [INFO   ]  Only using modules custom_content, picard, qualimap, bismark, samtools, preseq, cutadapt, fastqc
[2021-11-12 11:58:33,941] multiqc                                            [DEBUG  ]  Analysing modules: bismark, custom_content, qualimap, preseq, picard, samtools, cutadapt, fastqc
[2021-11-12 11:58:33,941] multiqc                                            [DEBUG  ]  Using temporary directory for creating report: /tmp/tmp8goib50f
[2021-11-12 11:58:34,015] multiqc                                            [DEBUG  ]  Ignored 211 search patterns as didn't match running modules.
[2021-11-12 11:58:34,499] multiqc                                            [DEBUG  ]  Ignoring file as matched an ignore pattern: SRR389222_sub1_trimmed_bismark_bt2_SE_report.html
[2021-11-12 11:58:34,506] multiqc                                            [DEBUG  ]  Ignoring file as matched an ignore pattern: SRR389222_sub2_trimmed_bismark_bt2_SE_report.html
[2021-11-12 11:58:34,513] multiqc                                            [DEBUG  ]  Ignoring file as matched an ignore pattern: SRR389222_sub3_trimmed_bismark_bt2_SE_report.html
[2021-11-12 11:58:34,516] multiqc                                            [DEBUG  ]  Ignoring file as matched an ignore pattern: bismark_summary_report.html
[2021-11-12 11:58:35,362] multiqc                                            [DEBUG  ]  Ignoring file as matched an ignore pattern: qualimapReport.html
[2021-11-12 11:58:36,042] multiqc                                            [DEBUG  ]  Ignoring file as matched an ignore pattern: qualimapReport.html
[2021-11-12 11:58:36,766] multiqc                                            [DEBUG  ]  Ignoring file as matched an ignore pattern: qualimapReport.html
[2021-11-12 11:58:38,189] multiqc.plots.linegraph                            [DEBUG  ]  Using matplotlib version 3.4.2
[2021-11-12 11:58:38,189] multiqc.plots.bargraph                             [DEBUG  ]  Using matplotlib version 3.4.2
[2021-11-12 11:58:38,249] multiqc.modules.bismark.bismark                    [INFO   ]  Found 3 alignment reports
[2021-11-12 11:58:39,158] multiqc.modules.bismark.bismark                    [INFO   ]  Found 3 dedup reports
[2021-11-12 11:58:40,850] multiqc.modules.bismark.bismark                    [INFO   ]  Found 3 methextract reports
[2021-11-12 11:58:43,252] multiqc.modules.custom_content.custom_content      [INFO   ]  nf-core-methylseq-summary: Found 1 sample (html)
[2021-11-12 11:58:43,253] multiqc.modules.custom_content.custom_content      [INFO   ]  software_versions: Found 1 sample (html)
[2021-11-12 11:58:43,283] multiqc.modules.qualimap.QM_BamQC                  [DEBUG  ]  Using default Qualimap thresholds: 1, 5, 10, 30, 50
[2021-11-12 11:58:45,362] multiqc.modules.qualimap.qualimap                  [INFO   ]  Found 3 BamQC reports
[2021-11-12 11:58:45,366] multiqc                                            [DEBUG  ]  No samples found: preseq
[2021-11-12 11:58:45,374] multiqc                                            [DEBUG  ]  No samples found: picard
[2021-11-12 11:58:45,379] multiqc                                            [DEBUG  ]  No samples found: samtools
[2021-11-12 11:58:45,399] multiqc.modules.cutadapt.cutadapt                  [INFO   ]  Found 3 reports
[2021-11-12 11:58:47,615] multiqc.modules.fastqc.fastqc                      [INFO   ]  Found 3 reports
[2021-11-12 11:58:53,283] multiqc                                            [DEBUG  ]  Reordering sections: anchor 'software_versions' not found for module 'Bismark'.
[2021-11-12 11:58:53,284] multiqc                                            [DEBUG  ]  Reordering sections: anchor 'nf-core-methylseq-summary' not found for module 'Bismark'.
[2021-11-12 11:58:53,284] multiqc                                            [DEBUG  ]  Reordering sections: anchor 'software_versions' not found for module 'QualiMap'.
[2021-11-12 11:58:53,284] multiqc                                            [DEBUG  ]  Reordering sections: anchor 'nf-core-methylseq-summary' not found for module 'QualiMap'.
[2021-11-12 11:58:53,284] multiqc                                            [DEBUG  ]  Reordering sections: anchor 'software_versions' not found for module 'Cutadapt'.
[2021-11-12 11:58:53,284] multiqc                                            [DEBUG  ]  Reordering sections: anchor 'nf-core-methylseq-summary' not found for module 'Cutadapt'.
[2021-11-12 11:58:53,284] multiqc                                            [DEBUG  ]  Reordering sections: anchor 'software_versions' not found for module 'FastQC'.
[2021-11-12 11:58:53,284] multiqc                                            [DEBUG  ]  Reordering sections: anchor 'nf-core-methylseq-summary' not found for module 'FastQC'.
[2021-11-12 11:58:53,285] multiqc                                            [DEBUG  ]  Reordering sections: anchor 'software_versions' not found for module 'nf-core/methylseq Software Versions'.
[2021-11-12 11:58:53,285] multiqc                                            [DEBUG  ]  Reordering sections: anchor 'nf-core-methylseq-summary' not found for module 'nf-core/methylseq Software Versions'.
[2021-11-12 11:58:53,285] multiqc                                            [DEBUG  ]  Reordering sections: anchor 'software_versions' not found for module 'nf-core/methylseq Workflow Summary'.
[2021-11-12 11:58:53,285] multiqc                                            [DEBUG  ]  Reordering sections: anchor 'nf-core-methylseq-summary' not found for module 'nf-core/methylseq Workflow Summary'.
[2021-11-12 11:58:53,308] multiqc                                            [INFO   ]  Compressing plot data
[2021-11-12 11:58:53,380] multiqc                                            [INFO   ]  Report      : multiqc_report.html
[2021-11-12 11:58:53,381] multiqc                                            [INFO   ]  Data        : multiqc_data
[2021-11-12 11:58:53,381] multiqc                                            [DEBUG  ]  Moving data file from '/tmp/tmp8goib50f/multiqc_data' to '/Users/frederic.risling/Desktop/Bachelorarbeit/nextflow/work/28/fb9fa6e2e1421ff4fa96cd7667fd9c/multiqc_data'
[2021-11-12 11:58:53,518] multiqc                                            [INFO   ]  Plots       : multiqc_plots
[2021-11-12 11:58:53,518] multiqc                                            [DEBUG  ]  Moving plots directory from '/tmp/tmp8goib50f/multiqc_plots' to '/Users/frederic.risling/Desktop/Bachelorarbeit/nextflow/work/28/fb9fa6e2e1421ff4fa96cd7667fd9c/multiqc_plots'
[2021-11-12 11:58:54,069] multiqc                                            [INFO   ]  MultiQC complete
